<?xml version="1.0" encoding="UTF-8"?>
<!-- Generated by org.testng.reporters.JUnitXMLReporter -->
<testsuite ignored="0" hostname="DESKTOP-ID05AMG" failures="1" tests="4" name="Test" time="38.867" errors="0" timestamp="2024-08-20T21:10:04 IST">
  <testcase classname="TestClasses.Test1" name="TestOrderProducts" time="7.823"/>
  <testcase classname="TestClasses.Test1" name="VerifyPresenceoforders" time="1.704"/>
  <testcase classname="TestClasses.Test1" name="verifyPresenceoforders1" time="2.038">
    <failure type="java.lang.AssertionError" message="expected [true] but found [false]">
      <![CDATA[java.lang.AssertionError: expected [true] but found [false]
at TestClasses.Test1.verifyPresenceoforders1(Test1.java:54)
at java.base/java.util.ArrayList.forEach(ArrayList.java:1541)
... Removed 31 stack frames]]>
    </failure>
  </testcase> <!-- verifyPresenceoforders1 -->
  <testcase classname="TestClasses.Test1" name="verifyPresenceoforders2" time="1.896"/>
</testsuite> <!-- Test -->
