<?xml version="1.0" encoding="UTF-8"?>
<testng-results ignored="0" total="1" passed="1" failed="0" skipped="0">
  <reporter-output>
  </reporter-output>
  <suite started-at="2024-09-24T22:47:38 IST" name="Default suite" finished-at="2024-09-24T22:47:54 IST" duration-ms="15171">
    <groups>
    </groups>
    <test started-at="2024-09-24T22:47:38 IST" name="Default test" finished-at="2024-09-24T22:47:54 IST" duration-ms="15171">
      <class name="TestClasses.TestObjectInitialize">
        <test-method is-config="true" signature="DriverPrerequisite()[pri:0, instance:TestClasses.TestObjectInitialize@6e9a5ed8]" started-at="2024-09-24T22:47:39 IST" name="DriverPrerequisite" finished-at="2024-09-24T22:47:52 IST" duration-ms="13220" status="PASS">
          <reporter-output>
          </reporter-output>
        </test-method> <!-- DriverPrerequisite -->
        <test-method signature="initializeObjects()[pri:0, instance:TestClasses.TestObjectInitialize@6e9a5ed8]" started-at="2024-09-24T22:47:52 IST" name="initializeObjects" finished-at="2024-09-24T22:47:52 IST" duration-ms="46" status="PASS">
          <reporter-output>
          </reporter-output>
        </test-method> <!-- initializeObjects -->
        <test-method is-config="true" signature="TearDown()[pri:0, instance:TestClasses.TestObjectInitialize@6e9a5ed8]" started-at="2024-09-24T22:47:52 IST" name="TearDown" finished-at="2024-09-24T22:47:54 IST" duration-ms="1591" status="PASS">
          <reporter-output>
          </reporter-output>
        </test-method> <!-- TearDown -->
      </class> <!-- TestClasses.TestObjectInitialize -->
    </test> <!-- Default test -->
  </suite> <!-- Default suite -->
</testng-results>
